[2019-12-22 19:27:14,387 INFO]  * src vocab size = 38
[2019-12-22 19:27:14,391 INFO]  * tgt vocab size = 42
[2019-12-22 19:27:14,391 INFO] Building model...
[2019-12-22 19:27:18,562 INFO] NMTModel(
  (encoder): RNNEncoder(
    (embeddings): Embeddings(
      (make_embedding): Sequential(
        (emb_luts): Elementwise(
          (0): Embedding(38, 500, padding_idx=1)
        )
      )
    )
    (rnn): LSTM(500, 500, num_layers=2, dropout=0.3)
  )
  (decoder): InputFeedRNNDecoder(
    (embeddings): Embeddings(
      (make_embedding): Sequential(
        (emb_luts): Elementwise(
          (0): Embedding(42, 500, padding_idx=1)
        )
      )
    )
    (dropout): Dropout(p=0.3, inplace=False)
    (rnn): StackedLSTM(
      (dropout): Dropout(p=0.3, inplace=False)
      (layers): ModuleList(
        (0): LSTMCell(1000, 500)
        (1): LSTMCell(500, 500)
      )
    )
    (attn): GlobalAttention(
      (linear_in): Linear(in_features=500, out_features=500, bias=False)
      (linear_out): Linear(in_features=1000, out_features=500, bias=False)
    )
  )
  (generator): Sequential(
    (0): Linear(in_features=500, out_features=42, bias=True)
    (1): Cast()
    (2): LogSoftmax()
  )
)
[2019-12-22 19:27:18,563 INFO] encoder: 4027000
[2019-12-22 19:27:18,563 INFO] decoder: 5800042
[2019-12-22 19:27:18,563 INFO] * number of parameters: 9827042
[2019-12-22 19:27:18,566 INFO] Starting training on GPU: [0]
[2019-12-22 19:27:18,566 INFO] Start training loop and validate every 50 steps...
[2019-12-22 19:27:18,567 INFO] Loading dataset from Data/SOV_AN/prepro.train.0.pt
[2019-12-22 19:27:19,530 INFO] number of examples: 128841
[2019-12-22 19:27:21,208 INFO] Step 50/ 2014; acc:  12.06; ppl: 189.52; xent: 5.24; lr: 1.00000; 9693/10905 tok/s;      3 sec
[2019-12-22 19:27:21,210 INFO] Loading dataset from Data/SOV_AN/prepro.valid.0.pt
[2019-12-22 19:27:21,534 INFO] number of examples: 16105
[2019-12-22 19:27:26,482 INFO] Validation perplexity: 17.629
[2019-12-22 19:27:26,482 INFO] Validation accuracy: 21.6448
[2019-12-22 19:27:26,482 INFO] Model is improving ppl: inf --> 17.629.
[2019-12-22 19:27:26,482 INFO] Model is improving acc: -inf --> 21.6448.
[2019-12-22 19:27:27,706 INFO] Step 100/ 2014; acc:  19.38; ppl: 44.51; xent: 3.80; lr: 1.00000; 3941/4434 tok/s;      9 sec
[2019-12-22 19:27:27,706 INFO] Loading dataset from Data/SOV_AN/prepro.valid.0.pt
[2019-12-22 19:27:27,778 INFO] number of examples: 16105
[2019-12-22 19:27:32,755 INFO] Validation perplexity: 326.902
[2019-12-22 19:27:32,756 INFO] Validation accuracy: 32.2612
[2019-12-22 19:27:32,756 INFO] Stalled patience: 2/3
[2019-12-22 19:27:33,969 INFO] Step 150/ 2014; acc:  35.84; ppl:  8.51; xent: 2.14; lr: 1.00000; 4087/4598 tok/s;     15 sec
[2019-12-22 19:27:33,970 INFO] Loading dataset from Data/SOV_AN/prepro.valid.0.pt
[2019-12-22 19:27:34,312 INFO] number of examples: 16105
[2019-12-22 19:27:39,263 INFO] Validation perplexity: 4.5092
[2019-12-22 19:27:39,266 INFO] Validation accuracy: 45.4352
[2019-12-22 19:27:39,266 INFO] Model is improving ppl: 17.629 --> 4.5092.
[2019-12-22 19:27:39,266 INFO] Model is improving acc: 21.6448 --> 45.4352.
[2019-12-22 19:27:40,470 INFO] Step 200/ 2014; acc:  45.10; ppl:  4.48; xent: 1.50; lr: 1.00000; 3938/4431 tok/s;     22 sec
[2019-12-22 19:27:40,470 INFO] Loading dataset from Data/SOV_AN/prepro.valid.0.pt
[2019-12-22 19:27:40,533 INFO] number of examples: 16105
[2019-12-22 19:27:45,445 INFO] Validation perplexity: 4.22736
[2019-12-22 19:27:45,445 INFO] Validation accuracy: 49.8092
[2019-12-22 19:27:45,446 INFO] Model is improving ppl: 4.5092 --> 4.22736.
[2019-12-22 19:27:45,446 INFO] Model is improving acc: 45.4352 --> 49.8092.
[2019-12-22 19:27:46,657 INFO] Step 250/ 2014; acc:  48.34; ppl:  4.84; xent: 1.58; lr: 1.00000; 4138/4655 tok/s;     28 sec
[2019-12-22 19:27:46,657 INFO] Loading dataset from Data/SOV_AN/prepro.valid.0.pt
[2019-12-22 19:27:47,006 INFO] number of examples: 16105
[2019-12-22 19:27:51,922 INFO] Validation perplexity: 3.31847
[2019-12-22 19:27:51,922 INFO] Validation accuracy: 58.5712
[2019-12-22 19:27:51,922 INFO] Model is improving ppl: 4.22736 --> 3.31847.
[2019-12-22 19:27:51,922 INFO] Model is improving acc: 49.8092 --> 58.5712.
[2019-12-22 19:27:53,134 INFO] Step 300/ 2014; acc:  69.26; ppl:  2.25; xent: 0.81; lr: 1.00000; 3953/4447 tok/s;     35 sec
[2019-12-22 19:27:53,134 INFO] Loading dataset from Data/SOV_AN/prepro.valid.0.pt
[2019-12-22 19:27:53,197 INFO] number of examples: 16105
[2019-12-22 19:27:58,139 INFO] Validation perplexity: 1.48923
[2019-12-22 19:27:58,140 INFO] Validation accuracy: 84.1899
[2019-12-22 19:27:58,140 INFO] Model is improving ppl: 3.31847 --> 1.48923.
[2019-12-22 19:27:58,140 INFO] Model is improving acc: 58.5712 --> 84.1899.
[2019-12-22 19:27:59,342 INFO] Step 350/ 2014; acc:  88.02; ppl:  1.45; xent: 0.37; lr: 1.00000; 4123/4639 tok/s;     41 sec
[2019-12-22 19:27:59,343 INFO] Loading dataset from Data/SOV_AN/prepro.valid.0.pt
[2019-12-22 19:27:59,406 INFO] number of examples: 16105
[2019-12-22 19:28:04,319 INFO] Validation perplexity: 1.05529
[2019-12-22 19:28:04,319 INFO] Validation accuracy: 98.7023
[2019-12-22 19:28:04,319 INFO] Model is improving ppl: 1.48923 --> 1.05529.
[2019-12-22 19:28:04,319 INFO] Model is improving acc: 84.1899 --> 98.7023.
[2019-12-22 19:28:05,536 INFO] Step 400/ 2014; acc:  99.94; ppl:  1.01; xent: 0.01; lr: 1.00000; 4134/4650 tok/s;     47 sec
[2019-12-22 19:28:05,536 INFO] Loading dataset from Data/SOV_AN/prepro.valid.0.pt
[2019-12-22 19:28:05,886 INFO] number of examples: 16105
[2019-12-22 19:28:10,843 INFO] Validation perplexity: 1.00079
[2019-12-22 19:28:10,843 INFO] Validation accuracy: 100
[2019-12-22 19:28:10,843 INFO] Model is improving ppl: 1.05529 --> 1.00079.
[2019-12-22 19:28:10,843 INFO] Model is improving acc: 98.7023 --> 100.
[2019-12-22 19:28:12,052 INFO] Step 450/ 2014; acc: 100.00; ppl:  1.00; xent: 0.00; lr: 1.00000; 3929/4420 tok/s;     53 sec
[2019-12-22 19:28:12,053 INFO] Loading dataset from Data/SOV_AN/prepro.valid.0.pt
[2019-12-22 19:28:12,117 INFO] number of examples: 16105
[2019-12-22 19:28:17,078 INFO] Validation perplexity: 1.00036
[2019-12-22 19:28:17,078 INFO] Validation accuracy: 100
[2019-12-22 19:28:17,078 INFO] Stalled patience: 2/3
[2019-12-22 19:28:18,294 INFO] Step 500/ 2014; acc: 100.00; ppl:  1.00; xent: 0.00; lr: 1.00000; 4102/4615 tok/s;     60 sec
[2019-12-22 19:28:18,294 INFO] Loading dataset from Data/SOV_AN/prepro.valid.0.pt
[2019-12-22 19:28:18,635 INFO] number of examples: 16105
[2019-12-22 19:28:23,602 INFO] Validation perplexity: 1.00022
[2019-12-22 19:28:23,602 INFO] Validation accuracy: 100
[2019-12-22 19:28:23,602 INFO] Stalled patience: 1/3
[2019-12-22 19:28:24,809 INFO] Step 550/ 2014; acc: 100.00; ppl:  1.00; xent: 0.00; lr: 1.00000; 3929/4420 tok/s;     66 sec
[2019-12-22 19:28:24,810 INFO] Loading dataset from Data/SOV_AN/prepro.valid.0.pt
[2019-12-22 19:28:24,875 INFO] number of examples: 16105
[2019-12-22 19:28:29,872 INFO] Validation perplexity: 1.00016
[2019-12-22 19:28:29,872 INFO] Validation accuracy: 100
[2019-12-22 19:28:29,873 INFO] Stalled patience: 0/3
[2019-12-22 19:28:29,873 INFO] Training finished after stalled validations. Early Stop!
[2019-12-22 19:28:29,873 INFO] Best model found at step 400
[2019-12-22 19:28:29,883 INFO] Saving checkpoint Models/SOV_AN_model_step_550.pt
